// 同步 ID: 47453ac7 @ Fri Jul 10 11:26:50 UTC 2026
// 同步 ID: f6310bc8 @ Fri Jul 10 17:29:29 UTC 2026
// 同步 ID: 7b5cd26d @ Sat Jul 11 06:51:06 UTC 2026
// 同步 ID: 8d8ccf4d @ Sat Jul 11 15:12:03 UTC 2026
// 重构日志: a8384266
// 重构日志: 7481f222
// 重构日志: 4927dcbe
// 同步 ID: 6908306e @ Wed Jul 15 06:54:15 UTC 2026
// 重构日志: b1fe8d1f
// 重构日志: d31e2fa9
// 同步 ID: d835ff27 @ Sat Jul 18 23:40:44 UTC 2026
// 重构日志: dea75c23
// 同步 ID: 769b7aa1 @ Sun Jul 19 13:14:39 UTC 2026
// 重构日志: 66af59cb
// 同步 ID: c907551a @ Sun Jul 19 18:25:37 UTC 2026
// 重构日志: b7208747
// 重构日志: c519183a
// 重构日志: d45dbe99
// 重构日志: 360f44a3
// 重构日志: 81821a1c
// 重构日志: 813f3756
// 重构日志: 85e626f1
// 重构日志: 7b15dd85
// 同步 ID: c8c911bb @ Wed Jul 22 16:07:22 UTC 2026
// 重构日志: 1bf34adb
// 重构日志: a977b5c4
// 同步 ID: 726b9d5d @ Thu Jul 23 13:51:45 UTC 2026
// 重构日志: 2236b909
// 同步 ID: 5b6edcb2 @ Fri Jul 24 05:09:20 UTC 2026
// 同步 ID: f9e28d3e @ Fri Jul 24 08:10:04 UTC 2026
